{
  "RSpec": {
    "coverage": {
      "/home/arun_akashr/RobertLightFoot/app/helpers/application_helper.rb": {
        "lines": [
          1,
          null
        ]
      },
      "/home/arun_akashr/RobertLightFoot/app/helpers/bins_helper.rb": {
        "lines": [
          1,
          null
        ]
      },
      "/home/arun_akashr/RobertLightFoot/app/helpers/dashboard_helper.rb": {
        "lines": [
          1,
          null
        ]
      },
      "/home/arun_akashr/RobertLightFoot/app/helpers/items_helper.rb": {
        "lines": [
          1,
          null
        ]
      },
      "/home/arun_akashr/RobertLightFoot/app/helpers/locations_helper.rb": {
        "lines": [
          1,
          null
        ]
      },
      "/home/arun_akashr/RobertLightFoot/app/helpers/search_helper.rb": {
        "lines": [
          1,
          null
        ]
      },
      "/home/arun_akashr/RobertLightFoot/app/helpers/sessions_helper.rb": {
        "lines": [
          1,
          null
        ]
      },
      "/home/arun_akashr/RobertLightFoot/app/helpers/users_helper.rb": {
        "lines": [
          1,
          null
        ]
      },
      "/home/arun_akashr/RobertLightFoot/app/models/user.rb": {
        "lines": [
          1,
          null,
          1,
          null,
          null,
          1,
          null,
          null,
          null,
          1,
          1,
          null,
          null,
          1,
          null,
          null,
          1,
          1,
          1,
          null,
          null,
          null,
          1,
          1,
          1,
          1,
          null,
          null
        ]
      },
      "/home/arun_akashr/RobertLightFoot/app/models/application_record.rb": {
        "lines": [
          1,
          1,
          null
        ]
      },
      "/home/arun_akashr/RobertLightFoot/app/controllers/locations_controller.rb": {
        "lines": [
          1,
          1,
          1,
          null,
          null,
          1,
          0,
          0,
          0,
          0,
          null,
          null,
          0,
          0,
          null,
          0,
          null,
          null,
          null,
          null,
          1,
          0,
          0,
          0,
          0,
          null,
          0,
          0,
          null,
          null,
          null,
          null,
          1,
          0,
          0,
          0,
          null,
          0,
          0,
          null,
          null,
          null,
          null,
          1,
          null,
          0,
          null,
          0,
          0,
          null,
          0,
          null,
          null,
          0,
          0,
          null,
          null,
          1,
          null,
          1,
          0,
          null,
          null,
          1,
          0,
          null,
          null
        ]
      },
      "/home/arun_akashr/RobertLightFoot/app/controllers/application_controller.rb": {
        "lines": [
          1,
          1,
          1,
          1,
          null,
          1,
          null,
          1,
          0,
          null,
          null,
          1,
          null,
          null,
          1,
          0,
          0,
          null,
          null,
          null,
          null,
          null,
          null,
          null,
          null,
          null,
          null,
          1,
          null,
          null,
          1,
          0,
          0,
          0,
          null,
          null,
          null,
          1,
          0,
          0,
          0,
          null,
          null,
          null,
          null
        ]
      },
      "/home/arun_akashr/RobertLightFoot/app/models/location.rb": {
        "lines": [
          1,
          1,
          1,
          1,
          1,
          null
        ]
      },
      "/home/arun_akashr/RobertLightFoot/app/models/bin.rb": {
        "lines": [
          1,
          null,
          1,
          1,
          1,
          1,
          1,
          1,
          1,
          null,
          1,
          null,
          null,
          1,
          0,
          null,
          null,
          null,
          null,
          1,
          0,
          null,
          null,
          1,
          null,
          1,
          0,
          null,
          null,
          null,
          1,
          36,
          null,
          null,
          1,
          36,
          36,
          null,
          null,
          null,
          1,
          36,
          36,
          36,
          null,
          null,
          null,
          null,
          null,
          null,
          null,
          null,
          null,
          null
        ]
      },
      "/home/arun_akashr/RobertLightFoot/app/models/item.rb": {
        "lines": [
          1,
          1,
          1,
          1,
          1,
          null,
          1,
          1,
          1,
          null,
          null,
          null,
          1,
          0,
          null,
          null,
          1,
          0,
          null,
          null,
          null,
          1,
          0,
          0,
          null,
          0,
          0,
          null,
          null,
          null,
          1,
          null,
          1,
          0,
          null,
          null,
          null,
          null,
          1,
          60,
          0,
          60,
          0,
          null,
          null,
          null
        ]
      },
      "/home/arun_akashr/RobertLightFoot/app/controllers/bins_controller.rb": {
        "lines": [
          0,
          0,
          0,
          0,
          null,
          null,
          0,
          0,
          0,
          0,
          null,
          null,
          0,
          null,
          null,
          0,
          null,
          null,
          0,
          0,
          null,
          null,
          0,
          0,
          0,
          null,
          null,
          0,
          0,
          0,
          null,
          null,
          0,
          0,
          0,
          0,
          null,
          null,
          0,
          0,
          0,
          0,
          null,
          null,
          0,
          0,
          null,
          null,
          null,
          0,
          0,
          0,
          null,
          0,
          0,
          null,
          0,
          0,
          0,
          0,
          0,
          0,
          0,
          0,
          0,
          0,
          0,
          null,
          null,
          0,
          0,
          null,
          0,
          null,
          null,
          0,
          0,
          0,
          0,
          0,
          null,
          0,
          null,
          0,
          0,
          0,
          0,
          0,
          0,
          0,
          0,
          0,
          null,
          null,
          null,
          0,
          0,
          null,
          0,
          0,
          0,
          0,
          0,
          null,
          0,
          null,
          null,
          0,
          0,
          0,
          null,
          0,
          0,
          0,
          null,
          null,
          0,
          0,
          0,
          0
        ],
        "branches": {}
      },
      "/home/arun_akashr/RobertLightFoot/app/controllers/dashboard_controller.rb": {
        "lines": [
          0,
          0,
          null,
          null,
          0,
          0,
          0,
          0,
          0,
          null,
          0,
          0
        ],
        "branches": {}
      },
      "/home/arun_akashr/RobertLightFoot/app/controllers/items_controller.rb": {
        "lines": [
          0,
          0,
          0,
          0,
          null,
          null,
          0,
          0,
          0,
          0,
          0,
          0,
          null,
          null,
          0,
          0,
          0,
          null,
          null,
          0,
          0,
          null,
          null,
          0,
          null,
          0,
          0,
          null,
          null,
          0,
          0,
          0,
          0,
          0,
          0,
          0,
          null,
          null,
          0,
          0,
          0,
          0,
          0,
          null,
          null,
          null,
          null,
          0,
          0,
          null,
          null,
          0,
          null,
          null,
          0,
          null,
          0,
          0,
          null,
          0,
          null,
          0,
          0,
          0,
          0,
          0,
          0,
          0,
          0,
          0,
          0,
          0,
          0,
          0,
          0,
          null,
          0,
          0,
          null,
          0,
          0,
          null,
          0,
          0,
          0,
          0,
          null,
          null,
          0,
          0,
          0,
          null,
          0,
          0,
          0,
          0,
          0,
          0,
          0,
          0,
          0,
          0,
          null,
          null,
          null,
          0,
          0,
          0,
          0,
          0,
          0,
          null,
          0,
          0,
          0,
          0,
          0,
          0,
          null,
          null,
          null,
          null,
          null,
          0,
          null,
          0,
          0,
          0,
          null,
          0,
          0,
          0,
          0,
          0,
          null,
          null,
          0,
          0,
          0,
          0,
          0,
          0,
          0,
          0,
          0,
          0,
          null,
          0,
          0,
          0,
          null,
          0,
          0,
          null,
          0
        ],
        "branches": {}
      },
      "/home/arun_akashr/RobertLightFoot/app/controllers/password_controller.rb": {
        "lines": [
          0,
          0,
          0,
          0,
          0,
          0,
          0,
          0,
          0,
          0,
          null,
          0,
          0,
          0,
          0,
          null,
          0,
          0,
          0,
          null,
          0,
          0,
          0,
          null,
          0,
          0,
          0,
          0,
          null,
          0,
          null,
          null,
          0,
          null,
          0,
          0,
          0,
          0,
          0,
          0,
          0,
          null,
          0,
          0,
          0,
          null,
          0,
          0,
          0,
          0,
          0,
          0,
          0,
          0,
          null,
          0,
          0,
          0,
          null,
          null,
          0,
          null,
          0,
          0,
          0,
          0,
          0,
          0,
          0,
          null,
          0,
          0,
          0,
          0,
          null,
          0,
          0,
          0,
          0,
          0,
          0,
          0,
          0,
          0,
          0,
          null,
          0,
          null,
          0,
          0,
          0,
          null,
          0,
          0,
          0,
          null,
          0
        ],
        "branches": {}
      },
      "/home/arun_akashr/RobertLightFoot/app/controllers/search_controller.rb": {
        "lines": [
          0,
          0,
          null,
          0,
          0,
          0,
          0,
          null,
          null,
          0,
          0,
          0,
          0,
          0,
          null,
          0,
          0,
          0
        ],
        "branches": {}
      },
      "/home/arun_akashr/RobertLightFoot/app/controllers/sessions_controller.rb": {
        "lines": [
          0,
          null,
          0,
          0,
          null,
          0,
          0,
          0,
          null,
          0,
          null,
          0,
          null,
          0,
          0,
          null,
          null,
          null,
          0,
          null,
          null,
          0,
          0,
          0,
          0,
          0,
          0,
          0,
          null,
          0,
          0,
          null,
          0,
          0,
          null,
          0,
          0,
          0,
          0,
          0,
          null,
          0,
          null,
          null,
          0,
          0,
          0,
          0,
          0,
          0,
          0,
          null,
          0
        ],
        "branches": {}
      },
      "/home/arun_akashr/RobertLightFoot/app/controllers/users_controller.rb": {
        "lines": [
          0,
          0,
          0,
          0,
          null,
          0,
          0,
          0,
          0,
          0,
          0,
          0,
          0,
          0,
          null,
          0,
          null,
          0,
          0,
          0,
          0
        ],
        "branches": {}
      },
      "/home/arun_akashr/RobertLightFoot/app/jobs/application_job.rb": {
        "lines": [
          0,
          null,
          null,
          null,
          null,
          null,
          0
        ],
        "branches": {}
      },
      "/home/arun_akashr/RobertLightFoot/app/mailers/application_mailer.rb": {
        "lines": [
          0,
          0,
          0,
          0
        ],
        "branches": {}
      },
      "/home/arun_akashr/RobertLightFoot/app/mailers/user_mailer.rb": {
        "lines": [
          0,
          0,
          null,
          0,
          0,
          0,
          null,
          0,
          0,
          0,
          0,
          0,
          0,
          null
        ],
        "branches": {}
      },
      "/home/arun_akashr/RobertLightFoot/app/models/session.rb": {
        "lines": [
          0,
          0,
          0,
          0
        ],
        "branches": {}
      }
    },
    "timestamp": 1743456619
  },
  "Cucumber Features": {
    "coverage": {
      "/home/arun_akashr/RobertLightFoot/app/models/user.rb": {
        "lines": [
          1,
          null,
          1,
          null,
          null,
          1,
          null,
          null,
          null,
          1,
          1,
          null,
          null,
          1,
          null,
          null,
          1,
          1,
          1,
          null,
          null,
          null,
          1,
          1,
          1,
          1,
          null,
          null
        ]
      },
      "/home/arun_akashr/RobertLightFoot/app/models/application_record.rb": {
        "lines": [
          1,
          1,
          null
        ]
      },
      "/home/arun_akashr/RobertLightFoot/app/models/location.rb": {
        "lines": [
          1,
          1,
          1,
          1,
          1,
          null
        ]
      },
      "/home/arun_akashr/RobertLightFoot/app/models/bin.rb": {
        "lines": [
          1,
          null,
          1,
          1,
          1,
          1,
          1,
          1,
          1,
          null,
          1,
          null,
          null,
          1,
          0,
          null,
          null,
          null,
          null,
          1,
          0,
          null,
          null,
          1,
          null,
          1,
          0,
          null,
          null,
          null,
          1,
          7,
          null,
          null,
          1,
          7,
          7,
          null,
          null,
          null,
          1,
          7,
          7,
          7,
          null,
          null,
          null,
          null,
          null,
          null,
          null,
          null,
          null,
          null
        ]
      },
      "/home/arun_akashr/RobertLightFoot/app/models/item.rb": {
        "lines": [
          1,
          1,
          1,
          1,
          1,
          null,
          1,
          1,
          1,
          null,
          null,
          null,
          1,
          0,
          null,
          null,
          1,
          0,
          null,
          null,
          null,
          1,
          0,
          0,
          null,
          0,
          0,
          null,
          null,
          null,
          1,
          null,
          1,
          0,
          null,
          null,
          null,
          null,
          1,
          21,
          0,
          21,
          0,
          null,
          null,
          null
        ]
      },
      "/home/arun_akashr/RobertLightFoot/app/controllers/items_controller.rb": {
        "lines": [
          1,
          1,
          1,
          1,
          null,
          null,
          1,
          7,
          0,
          null,
          7,
          null,
          null,
          null,
          7,
          0,
          null,
          null,
          null,
          7,
          null,
          null,
          null,
          1,
          null,
          0,
          null,
          null,
          null,
          1,
          0,
          0,
          0,
          0,
          0,
          null,
          null,
          null,
          1,
          0,
          0,
          0,
          null,
          null,
          null,
          null,
          null,
          1,
          0,
          null,
          null,
          0,
          null,
          null,
          0,
          null,
          0,
          null,
          null,
          null,
          null,
          0,
          0,
          0,
          0,
          null,
          0,
          0,
          null,
          null,
          0,
          0,
          0,
          null,
          null,
          null,
          1,
          0,
          null,
          0,
          0,
          null,
          0,
          0,
          null,
          0,
          null,
          null,
          0,
          0,
          null,
          null,
          0,
          0,
          null,
          0,
          0,
          0,
          0,
          null,
          null,
          null,
          null,
          null,
          null,
          1,
          0,
          0,
          null,
          0,
          null,
          null,
          0,
          0,
          null,
          0,
          null,
          null,
          null,
          null,
          null,
          null,
          null,
          1,
          null,
          1,
          0,
          null,
          null,
          1,
          0,
          0,
          null,
          null,
          null,
          null,
          1,
          0,
          null,
          null,
          null,
          null,
          null,
          null,
          null,
          null,
          null,
          0,
          0,
          null,
          null,
          0,
          null,
          null,
          null
        ]
      },
      "/home/arun_akashr/RobertLightFoot/app/controllers/application_controller.rb": {
        "lines": [
          1,
          1,
          1,
          1,
          null,
          1,
          null,
          1,
          0,
          null,
          null,
          1,
          null,
          null,
          1,
          0,
          0,
          null,
          null,
          null,
          null,
          null,
          null,
          null,
          null,
          null,
          null,
          1,
          null,
          null,
          1,
          7,
          7,
          7,
          null,
          null,
          null,
          1,
          7,
          7,
          7,
          null,
          null,
          null,
          null
        ]
      },
      "/home/arun_akashr/RobertLightFoot/app/helpers/application_helper.rb": {
        "lines": [
          1,
          null
        ]
      },
      "/home/arun_akashr/RobertLightFoot/app/helpers/bins_helper.rb": {
        "lines": [
          1,
          null
        ]
      },
      "/home/arun_akashr/RobertLightFoot/app/helpers/dashboard_helper.rb": {
        "lines": [
          1,
          null
        ]
      },
      "/home/arun_akashr/RobertLightFoot/app/helpers/items_helper.rb": {
        "lines": [
          1,
          null
        ]
      },
      "/home/arun_akashr/RobertLightFoot/app/helpers/locations_helper.rb": {
        "lines": [
          1,
          null
        ]
      },
      "/home/arun_akashr/RobertLightFoot/app/helpers/search_helper.rb": {
        "lines": [
          1,
          null
        ]
      },
      "/home/arun_akashr/RobertLightFoot/app/helpers/sessions_helper.rb": {
        "lines": [
          1,
          null
        ]
      },
      "/home/arun_akashr/RobertLightFoot/app/helpers/users_helper.rb": {
        "lines": [
          1,
          null
        ]
      },
      "/home/arun_akashr/RobertLightFoot/app/models/session.rb": {
        "lines": [
          1,
          1,
          1,
          null
        ]
      },
      "/home/arun_akashr/RobertLightFoot/app/controllers/bins_controller.rb": {
        "lines": [
          0,
          0,
          0,
          0,
          null,
          null,
          0,
          0,
          0,
          0,
          null,
          null,
          0,
          null,
          null,
          0,
          null,
          null,
          0,
          0,
          null,
          null,
          0,
          0,
          0,
          null,
          null,
          0,
          0,
          0,
          null,
          null,
          0,
          0,
          0,
          0,
          null,
          null,
          0,
          0,
          0,
          0,
          null,
          null,
          0,
          0,
          null,
          null,
          null,
          0,
          0,
          0,
          null,
          0,
          0,
          null,
          0,
          0,
          0,
          0,
          0,
          0,
          0,
          0,
          0,
          0,
          0,
          null,
          null,
          0,
          0,
          null,
          0,
          null,
          null,
          0,
          0,
          0,
          0,
          0,
          null,
          0,
          null,
          0,
          0,
          0,
          0,
          0,
          0,
          0,
          0,
          0,
          null,
          null,
          null,
          0,
          0,
          null,
          0,
          0,
          0,
          0,
          0,
          null,
          0,
          null,
          null,
          0,
          0,
          0,
          null,
          0,
          0,
          0,
          null,
          null,
          0,
          0,
          0,
          0
        ],
        "branches": {}
      },
      "/home/arun_akashr/RobertLightFoot/app/controllers/dashboard_controller.rb": {
        "lines": [
          0,
          0,
          null,
          null,
          0,
          0,
          0,
          0,
          0,
          null,
          0,
          0
        ],
        "branches": {}
      },
      "/home/arun_akashr/RobertLightFoot/app/controllers/locations_controller.rb": {
        "lines": [
          0,
          0,
          0,
          null,
          null,
          0,
          0,
          0,
          0,
          0,
          0,
          null,
          0,
          0,
          0,
          0,
          0,
          0,
          null,
          null,
          0,
          0,
          0,
          0,
          0,
          0,
          0,
          0,
          0,
          0,
          null,
          null,
          0,
          0,
          0,
          0,
          0,
          0,
          0,
          0,
          0,
          null,
          null,
          0,
          null,
          0,
          null,
          0,
          0,
          0,
          0,
          0,
          null,
          0,
          0,
          0,
          null,
          0,
          null,
          0,
          0,
          0,
          null,
          0,
          0,
          0,
          0
        ],
        "branches": {}
      },
      "/home/arun_akashr/RobertLightFoot/app/controllers/password_controller.rb": {
        "lines": [
          0,
          0,
          0,
          0,
          0,
          0,
          0,
          0,
          0,
          0,
          null,
          0,
          0,
          0,
          0,
          null,
          0,
          0,
          0,
          null,
          0,
          0,
          0,
          null,
          0,
          0,
          0,
          0,
          null,
          0,
          null,
          null,
          0,
          null,
          0,
          0,
          0,
          0,
          0,
          0,
          0,
          null,
          0,
          0,
          0,
          null,
          0,
          0,
          0,
          0,
          0,
          0,
          0,
          0,
          null,
          0,
          0,
          0,
          null,
          null,
          0,
          null,
          0,
          0,
          0,
          0,
          0,
          0,
          0,
          null,
          0,
          0,
          0,
          0,
          null,
          0,
          0,
          0,
          0,
          0,
          0,
          0,
          0,
          0,
          0,
          null,
          0,
          null,
          0,
          0,
          0,
          null,
          0,
          0,
          0,
          null,
          0
        ],
        "branches": {}
      },
      "/home/arun_akashr/RobertLightFoot/app/controllers/search_controller.rb": {
        "lines": [
          0,
          0,
          null,
          0,
          0,
          0,
          0,
          null,
          null,
          0,
          0,
          0,
          0,
          0,
          null,
          0,
          0,
          0
        ],
        "branches": {}
      },
      "/home/arun_akashr/RobertLightFoot/app/controllers/sessions_controller.rb": {
        "lines": [
          0,
          null,
          0,
          0,
          null,
          0,
          0,
          0,
          null,
          0,
          null,
          0,
          null,
          0,
          0,
          null,
          null,
          null,
          0,
          null,
          null,
          0,
          0,
          0,
          0,
          0,
          0,
          0,
          null,
          0,
          0,
          null,
          0,
          0,
          null,
          0,
          0,
          0,
          0,
          0,
          null,
          0,
          null,
          null,
          0,
          0,
          0,
          0,
          0,
          0,
          0,
          null,
          0
        ],
        "branches": {}
      },
      "/home/arun_akashr/RobertLightFoot/app/controllers/users_controller.rb": {
        "lines": [
          0,
          0,
          0,
          0,
          null,
          0,
          0,
          0,
          0,
          0,
          0,
          0,
          0,
          0,
          null,
          0,
          null,
          0,
          0,
          0,
          0
        ],
        "branches": {}
      },
      "/home/arun_akashr/RobertLightFoot/app/jobs/application_job.rb": {
        "lines": [
          0,
          null,
          null,
          null,
          null,
          null,
          0
        ],
        "branches": {}
      },
      "/home/arun_akashr/RobertLightFoot/app/mailers/application_mailer.rb": {
        "lines": [
          0,
          0,
          0,
          0
        ],
        "branches": {}
      },
      "/home/arun_akashr/RobertLightFoot/app/mailers/user_mailer.rb": {
        "lines": [
          0,
          0,
          null,
          0,
          0,
          0,
          null,
          0,
          0,
          0,
          0,
          0,
          0,
          null
        ],
        "branches": {}
      }
    },
    "timestamp": 1743466786
  }
}
