{
  "RSpec": {
    "coverage": {
      "/Users/rafael/Desktop/Texas_A&M/606_SE/Project_Git_Hub/CSCE-606-Inventory-System/app/helpers/application_helper.rb": {
        "lines": [
          1,
          null
        ]
      },
      "/Users/rafael/Desktop/Texas_A&M/606_SE/Project_Git_Hub/CSCE-606-Inventory-System/app/helpers/bins_helper.rb": {
        "lines": [
          1,
          null
        ]
      },
      "/Users/rafael/Desktop/Texas_A&M/606_SE/Project_Git_Hub/CSCE-606-Inventory-System/app/helpers/dashboard_helper.rb": {
        "lines": [
          1,
          null
        ]
      },
      "/Users/rafael/Desktop/Texas_A&M/606_SE/Project_Git_Hub/CSCE-606-Inventory-System/app/helpers/items_helper.rb": {
        "lines": [
          1,
          null
        ]
      },
      "/Users/rafael/Desktop/Texas_A&M/606_SE/Project_Git_Hub/CSCE-606-Inventory-System/app/helpers/locations_helper.rb": {
        "lines": [
          1,
          null
        ]
      },
      "/Users/rafael/Desktop/Texas_A&M/606_SE/Project_Git_Hub/CSCE-606-Inventory-System/app/helpers/search_helper.rb": {
        "lines": [
          1,
          null
        ]
      },
      "/Users/rafael/Desktop/Texas_A&M/606_SE/Project_Git_Hub/CSCE-606-Inventory-System/app/helpers/sessions_helper.rb": {
        "lines": [
          1,
          null
        ]
      },
      "/Users/rafael/Desktop/Texas_A&M/606_SE/Project_Git_Hub/CSCE-606-Inventory-System/app/helpers/users_helper.rb": {
        "lines": [
          1,
          null
        ]
      },
      "/Users/rafael/Desktop/Texas_A&M/606_SE/Project_Git_Hub/CSCE-606-Inventory-System/app/controllers/password_controller.rb": {
        "lines": [
          1,
          1,
          null,
          null,
          null,
          null,
          null,
          null,
          null,
          null,
          null,
          1,
          1,
          0,
          null,
          null,
          1,
          0,
          null,
          null,
          1,
          1,
          null,
          null,
          1,
          2,
          2,
          1,
          null,
          1,
          null,
          null,
          1,
          null,
          1,
          1,
          null,
          1,
          1,
          null,
          null,
          null,
          1,
          3,
          null,
          null,
          1,
          3,
          1,
          null,
          2,
          2,
          null,
          null,
          null,
          1,
          2,
          1,
          null,
          null,
          1,
          null,
          1,
          1,
          null,
          1,
          1,
          null,
          null,
          null,
          1,
          5,
          5,
          null,
          null,
          1,
          5,
          5,
          2,
          2,
          2,
          null,
          3,
          null,
          null,
          null,
          1,
          null,
          1,
          19,
          null,
          null,
          1,
          5,
          null,
          null,
          null
        ]
      },
      "/Users/rafael/Desktop/Texas_A&M/606_SE/Project_Git_Hub/CSCE-606-Inventory-System/app/controllers/application_controller.rb": {
        "lines": [
          1,
          1,
          1,
          1,
          null,
          1,
          null,
          1,
          2,
          null,
          null,
          1,
          null,
          null,
          1,
          15,
          15,
          null,
          null,
          null,
          null,
          null,
          null,
          null,
          null,
          null,
          null,
          1,
          null,
          null,
          1,
          84,
          84,
          29,
          null,
          null,
          null,
          1,
          84,
          84,
          84,
          null,
          null,
          null,
          null
        ]
      },
      "/Users/rafael/Desktop/Texas_A&M/606_SE/Project_Git_Hub/CSCE-606-Inventory-System/app/controllers/sessions_controller.rb": {
        "lines": [
          1,
          null,
          1,
          1,
          null,
          1,
          8,
          null,
          null,
          1,
          null,
          3,
          null,
          3,
          2,
          null,
          null,
          null,
          2,
          null,
          null,
          2,
          null,
          1,
          1,
          1,
          null,
          null,
          null,
          1,
          3,
          null,
          3,
          3,
          null,
          3,
          3,
          3,
          null,
          null,
          null,
          1,
          null,
          null,
          1,
          9,
          1,
          1,
          1,
          null,
          null,
          null,
          null
        ]
      },
      "/Users/rafael/Desktop/Texas_A&M/606_SE/Project_Git_Hub/CSCE-606-Inventory-System/app/mailers/user_mailer.rb": {
        "lines": [
          1,
          1,
          null,
          1,
          2,
          2,
          null,
          2,
          null,
          null,
          null,
          null,
          null,
          null
        ]
      },
      "/Users/rafael/Desktop/Texas_A&M/606_SE/Project_Git_Hub/CSCE-606-Inventory-System/app/mailers/application_mailer.rb": {
        "lines": [
          1,
          1,
          1,
          null
        ]
      },
      "/Users/rafael/Desktop/Texas_A&M/606_SE/Project_Git_Hub/CSCE-606-Inventory-System/app/models/bin.rb": {
        "lines": [
          1,
          null,
          1,
          1,
          1,
          1,
          1,
          1,
          1,
          null,
          1,
          null,
          null,
          1,
          2,
          null,
          null,
          null,
          null,
          1,
          3,
          null,
          null,
          1,
          null,
          1,
          3,
          null,
          null,
          null,
          1,
          145,
          null,
          null,
          1,
          150,
          150,
          null,
          null,
          null,
          1,
          145,
          145,
          145,
          null,
          null,
          null,
          null,
          null,
          null,
          null,
          null,
          null,
          null
        ]
      },
      "/Users/rafael/Desktop/Texas_A&M/606_SE/Project_Git_Hub/CSCE-606-Inventory-System/app/models/application_record.rb": {
        "lines": [
          1,
          1,
          null
        ]
      },
      "/Users/rafael/Desktop/Texas_A&M/606_SE/Project_Git_Hub/CSCE-606-Inventory-System/app/models/user.rb": {
        "lines": [
          1,
          null,
          1,
          null,
          null,
          1,
          null,
          null,
          null,
          1,
          1,
          null,
          null,
          1,
          null,
          null,
          1,
          1,
          1,
          null,
          null,
          null,
          1,
          1,
          1,
          1,
          null,
          null
        ]
      },
      "/Users/rafael/Desktop/Texas_A&M/606_SE/Project_Git_Hub/CSCE-606-Inventory-System/app/models/item.rb": {
        "lines": [
          1,
          1,
          1,
          1,
          1,
          null,
          1,
          1,
          1,
          null,
          null,
          null,
          1,
          0,
          null,
          null,
          1,
          4,
          null,
          null,
          null,
          1,
          1,
          0,
          null,
          1,
          1,
          null,
          null,
          null,
          1,
          null,
          1,
          0,
          null,
          null,
          null,
          null,
          1,
          154,
          2,
          152,
          1,
          null,
          null,
          null
        ]
      },
      "/Users/rafael/Desktop/Texas_A&M/606_SE/Project_Git_Hub/CSCE-606-Inventory-System/app/models/location.rb": {
        "lines": [
          1,
          1,
          1,
          1,
          1,
          null
        ]
      },
      "/Users/rafael/Desktop/Texas_A&M/606_SE/Project_Git_Hub/CSCE-606-Inventory-System/app/models/session.rb": {
        "lines": [
          1,
          1,
          1,
          null
        ]
      },
      "/Users/rafael/Desktop/Texas_A&M/606_SE/Project_Git_Hub/CSCE-606-Inventory-System/app/controllers/locations_controller.rb": {
        "lines": [
          1,
          1,
          1,
          null,
          null,
          1,
          10,
          10,
          10,
          0,
          null,
          null,
          10,
          0,
          null,
          10,
          null,
          null,
          null,
          null,
          1,
          2,
          2,
          1,
          1,
          null,
          1,
          1,
          null,
          null,
          null,
          null,
          1,
          3,
          2,
          2,
          null,
          1,
          1,
          null,
          null,
          null,
          null,
          1,
          null,
          1,
          null,
          1,
          1,
          null,
          0,
          null,
          null,
          1,
          1,
          null,
          null,
          1,
          null,
          1,
          4,
          null,
          null,
          1,
          5,
          null,
          null
        ]
      },
      "/Users/rafael/Desktop/Texas_A&M/606_SE/Project_Git_Hub/CSCE-606-Inventory-System/app/controllers/bins_controller.rb": {
        "lines": [
          1,
          1,
          1,
          1,
          null,
          null,
          1,
          2,
          2,
          2,
          null,
          null,
          2,
          null,
          null,
          2,
          null,
          null,
          2,
          null,
          null,
          null,
          1,
          0,
          null,
          null,
          null,
          1,
          1,
          null,
          null,
          null,
          1,
          1,
          1,
          null,
          null,
          null,
          1,
          1,
          1,
          null,
          null,
          null,
          1,
          4,
          null,
          null,
          null,
          4,
          4,
          0,
          null,
          0,
          null,
          null,
          4,
          4,
          4,
          2,
          null,
          2,
          4,
          2,
          null,
          null,
          null,
          null,
          null,
          1,
          3,
          null,
          3,
          null,
          null,
          2,
          0,
          2,
          0,
          null,
          null,
          2,
          null,
          4,
          2,
          null,
          1,
          2,
          1,
          null,
          null,
          null,
          null,
          null,
          null,
          1,
          2,
          null,
          2,
          4,
          2,
          null,
          null,
          null,
          1,
          null,
          null,
          1,
          7,
          null,
          null,
          1,
          7,
          null,
          null,
          null,
          1,
          19,
          null,
          null
        ]
      },
      "/Users/rafael/Desktop/Texas_A&M/606_SE/Project_Git_Hub/CSCE-606-Inventory-System/app/controllers/items_controller.rb": {
        "lines": [
          1,
          1,
          1,
          1,
          null,
          null,
          1,
          1,
          0,
          null,
          1,
          null,
          null,
          null,
          1,
          0,
          null,
          null,
          null,
          1,
          null,
          null,
          null,
          1,
          null,
          2,
          null,
          null,
          null,
          1,
          1,
          1,
          1,
          1,
          1,
          null,
          null,
          null,
          1,
          0,
          0,
          0,
          null,
          null,
          null,
          null,
          null,
          1,
          1,
          null,
          null,
          1,
          null,
          null,
          1,
          null,
          1,
          null,
          null,
          null,
          null,
          1,
          1,
          0,
          0,
          null,
          1,
          1,
          null,
          null,
          0,
          0,
          0,
          null,
          null,
          null,
          1,
          1,
          null,
          1,
          1,
          null,
          1,
          0,
          null,
          1,
          null,
          null,
          1,
          1,
          null,
          null,
          2,
          1,
          null,
          0,
          0,
          0,
          0,
          null,
          null,
          null,
          null,
          null,
          null,
          1,
          1,
          0,
          null,
          1,
          null,
          null,
          1,
          0,
          null,
          1,
          null,
          null,
          null,
          null,
          null,
          null,
          null,
          1,
          null,
          1,
          4,
          null,
          null,
          1,
          4,
          0,
          null,
          null,
          null,
          null,
          1,
          2,
          null,
          null,
          null,
          null,
          null,
          null,
          null,
          null,
          null,
          2,
          0,
          null,
          null,
          2,
          null,
          null,
          null
        ]
      },
      "/Users/rafael/Desktop/Texas_A&M/606_SE/Project_Git_Hub/CSCE-606-Inventory-System/app/controllers/dashboard_controller.rb": {
        "lines": [
          1,
          1,
          null,
          null,
          1,
          6,
          6,
          0,
          null,
          null,
          null,
          null
        ]
      },
      "/Users/rafael/Desktop/Texas_A&M/606_SE/Project_Git_Hub/CSCE-606-Inventory-System/app/controllers/users_controller.rb": {
        "lines": [
          1,
          1,
          1,
          null,
          null,
          1,
          0,
          0,
          0,
          0,
          null,
          0,
          null,
          null,
          null,
          1,
          null,
          1,
          0,
          null,
          null
        ]
      },
      "/Users/rafael/Desktop/Texas_A&M/606_SE/Project_Git_Hub/CSCE-606-Inventory-System/app/controllers/search_controller.rb": {
        "lines": [
          1,
          1,
          null,
          1,
          3,
          3,
          3,
          null,
          null,
          null,
          3,
          null,
          null,
          null,
          null,
          3,
          null,
          null
        ]
      },
      "/Users/rafael/Desktop/Texas_A&M/606_SE/Project_Git_Hub/CSCE-606-Inventory-System/app/jobs/application_job.rb": {
        "lines": [
          0,
          null,
          null,
          null,
          null,
          null,
          0
        ],
        "branches": {}
      }
    },
    "timestamp": 1743696331
  },
  "Cucumber Features": {
    "coverage": {
      "/Users/rafael/Desktop/Texas_A&M/606_SE/Project_Git_Hub/CSCE-606-Inventory-System/app/models/user.rb": {
        "lines": [
          1,
          null,
          1,
          null,
          null,
          1,
          null,
          null,
          null,
          1,
          1,
          null,
          null,
          1,
          null,
          null,
          1,
          1,
          1,
          null,
          null,
          null,
          1,
          1,
          1,
          1,
          null,
          null
        ]
      },
      "/Users/rafael/Desktop/Texas_A&M/606_SE/Project_Git_Hub/CSCE-606-Inventory-System/app/models/application_record.rb": {
        "lines": [
          1,
          1,
          null
        ]
      },
      "/Users/rafael/Desktop/Texas_A&M/606_SE/Project_Git_Hub/CSCE-606-Inventory-System/app/controllers/sessions_controller.rb": {
        "lines": [
          1,
          null,
          1,
          1,
          null,
          1,
          38,
          null,
          null,
          1,
          null,
          25,
          null,
          25,
          19,
          null,
          null,
          null,
          19,
          null,
          null,
          19,
          null,
          6,
          6,
          6,
          null,
          null,
          null,
          1,
          1,
          null,
          1,
          1,
          null,
          1,
          1,
          1,
          null,
          null,
          null,
          1,
          null,
          null,
          1,
          38,
          0,
          0,
          0,
          null,
          null,
          null,
          null
        ]
      },
      "/Users/rafael/Desktop/Texas_A&M/606_SE/Project_Git_Hub/CSCE-606-Inventory-System/app/controllers/application_controller.rb": {
        "lines": [
          1,
          1,
          1,
          1,
          null,
          1,
          null,
          1,
          19,
          null,
          null,
          1,
          null,
          null,
          1,
          64,
          64,
          null,
          null,
          null,
          null,
          null,
          null,
          null,
          null,
          null,
          null,
          1,
          null,
          null,
          1,
          185,
          185,
          80,
          null,
          null,
          null,
          1,
          185,
          185,
          185,
          null,
          null,
          null,
          null
        ]
      },
      "/Users/rafael/Desktop/Texas_A&M/606_SE/Project_Git_Hub/CSCE-606-Inventory-System/app/helpers/application_helper.rb": {
        "lines": [
          1,
          null
        ]
      },
      "/Users/rafael/Desktop/Texas_A&M/606_SE/Project_Git_Hub/CSCE-606-Inventory-System/app/helpers/bins_helper.rb": {
        "lines": [
          1,
          null
        ]
      },
      "/Users/rafael/Desktop/Texas_A&M/606_SE/Project_Git_Hub/CSCE-606-Inventory-System/app/helpers/dashboard_helper.rb": {
        "lines": [
          1,
          null
        ]
      },
      "/Users/rafael/Desktop/Texas_A&M/606_SE/Project_Git_Hub/CSCE-606-Inventory-System/app/helpers/items_helper.rb": {
        "lines": [
          1,
          null
        ]
      },
      "/Users/rafael/Desktop/Texas_A&M/606_SE/Project_Git_Hub/CSCE-606-Inventory-System/app/helpers/locations_helper.rb": {
        "lines": [
          1,
          null
        ]
      },
      "/Users/rafael/Desktop/Texas_A&M/606_SE/Project_Git_Hub/CSCE-606-Inventory-System/app/helpers/search_helper.rb": {
        "lines": [
          1,
          null
        ]
      },
      "/Users/rafael/Desktop/Texas_A&M/606_SE/Project_Git_Hub/CSCE-606-Inventory-System/app/helpers/sessions_helper.rb": {
        "lines": [
          1,
          null
        ]
      },
      "/Users/rafael/Desktop/Texas_A&M/606_SE/Project_Git_Hub/CSCE-606-Inventory-System/app/helpers/users_helper.rb": {
        "lines": [
          1,
          null
        ]
      },
      "/Users/rafael/Desktop/Texas_A&M/606_SE/Project_Git_Hub/CSCE-606-Inventory-System/app/controllers/bins_controller.rb": {
        "lines": [
          1,
          1,
          1,
          1,
          null,
          null,
          1,
          4,
          4,
          4,
          null,
          null,
          4,
          null,
          null,
          4,
          null,
          null,
          4,
          null,
          null,
          null,
          1,
          0,
          null,
          null,
          null,
          1,
          3,
          null,
          null,
          null,
          1,
          2,
          2,
          null,
          null,
          null,
          1,
          0,
          0,
          null,
          null,
          null,
          1,
          1,
          null,
          null,
          null,
          1,
          0,
          1,
          null,
          1,
          null,
          null,
          1,
          1,
          2,
          1,
          null,
          0,
          0,
          0,
          null,
          null,
          null,
          null,
          null,
          1,
          0,
          null,
          0,
          null,
          null,
          0,
          0,
          0,
          0,
          null,
          null,
          0,
          null,
          0,
          0,
          null,
          0,
          0,
          0,
          null,
          null,
          null,
          null,
          null,
          null,
          1,
          0,
          null,
          0,
          0,
          0,
          null,
          null,
          null,
          1,
          null,
          null,
          1,
          4,
          null,
          null,
          1,
          4,
          null,
          null,
          null,
          1,
          4,
          null,
          null
        ]
      },
      "/Users/rafael/Desktop/Texas_A&M/606_SE/Project_Git_Hub/CSCE-606-Inventory-System/app/models/session.rb": {
        "lines": [
          1,
          1,
          1,
          null
        ]
      },
      "/Users/rafael/Desktop/Texas_A&M/606_SE/Project_Git_Hub/CSCE-606-Inventory-System/app/models/location.rb": {
        "lines": [
          1,
          1,
          1,
          1,
          1,
          null
        ]
      },
      "/Users/rafael/Desktop/Texas_A&M/606_SE/Project_Git_Hub/CSCE-606-Inventory-System/app/models/bin.rb": {
        "lines": [
          1,
          null,
          1,
          1,
          1,
          1,
          1,
          1,
          1,
          null,
          1,
          null,
          null,
          1,
          4,
          null,
          null,
          null,
          null,
          1,
          3,
          null,
          null,
          1,
          null,
          1,
          1,
          null,
          null,
          null,
          1,
          39,
          null,
          null,
          1,
          39,
          39,
          null,
          null,
          null,
          1,
          39,
          39,
          39,
          null,
          null,
          null,
          null,
          null,
          null,
          null,
          null,
          null,
          null
        ]
      },
      "/Users/rafael/Desktop/Texas_A&M/606_SE/Project_Git_Hub/CSCE-606-Inventory-System/app/controllers/items_controller.rb": {
        "lines": [
          1,
          1,
          1,
          1,
          null,
          null,
          1,
          11,
          0,
          null,
          11,
          null,
          null,
          null,
          11,
          0,
          null,
          null,
          null,
          11,
          null,
          null,
          null,
          1,
          null,
          1,
          null,
          null,
          null,
          1,
          2,
          2,
          2,
          2,
          2,
          null,
          null,
          null,
          1,
          1,
          1,
          2,
          null,
          null,
          null,
          null,
          null,
          1,
          1,
          null,
          null,
          1,
          null,
          null,
          1,
          null,
          0,
          null,
          null,
          null,
          null,
          1,
          1,
          0,
          0,
          null,
          1,
          1,
          null,
          null,
          0,
          0,
          0,
          null,
          null,
          null,
          1,
          1,
          null,
          1,
          1,
          null,
          1,
          1,
          null,
          0,
          null,
          null,
          0,
          0,
          null,
          null,
          2,
          1,
          null,
          0,
          0,
          0,
          0,
          null,
          null,
          null,
          null,
          null,
          null,
          1,
          0,
          0,
          null,
          0,
          null,
          null,
          0,
          0,
          null,
          0,
          null,
          null,
          null,
          null,
          null,
          null,
          null,
          1,
          null,
          1,
          3,
          null,
          null,
          1,
          3,
          0,
          null,
          null,
          null,
          null,
          1,
          2,
          null,
          null,
          null,
          null,
          null,
          null,
          null,
          null,
          null,
          2,
          1,
          null,
          null,
          2,
          null,
          null,
          null
        ]
      },
      "/Users/rafael/Desktop/Texas_A&M/606_SE/Project_Git_Hub/CSCE-606-Inventory-System/app/controllers/users_controller.rb": {
        "lines": [
          1,
          1,
          1,
          null,
          null,
          1,
          1,
          1,
          1,
          1,
          null,
          0,
          null,
          null,
          null,
          1,
          null,
          1,
          1,
          null,
          null
        ]
      },
      "/Users/rafael/Desktop/Texas_A&M/606_SE/Project_Git_Hub/CSCE-606-Inventory-System/app/controllers/dashboard_controller.rb": {
        "lines": [
          1,
          1,
          null,
          null,
          1,
          16,
          16,
          0,
          null,
          null,
          null,
          null
        ]
      },
      "/Users/rafael/Desktop/Texas_A&M/606_SE/Project_Git_Hub/CSCE-606-Inventory-System/app/controllers/search_controller.rb": {
        "lines": [
          1,
          1,
          null,
          1,
          16,
          16,
          16,
          null,
          null,
          null,
          16,
          null,
          null,
          null,
          null,
          16,
          null,
          null
        ]
      },
      "/Users/rafael/Desktop/Texas_A&M/606_SE/Project_Git_Hub/CSCE-606-Inventory-System/app/models/item.rb": {
        "lines": [
          1,
          1,
          1,
          1,
          1,
          null,
          1,
          1,
          1,
          null,
          null,
          null,
          1,
          2,
          null,
          null,
          1,
          0,
          null,
          null,
          null,
          1,
          0,
          0,
          null,
          0,
          0,
          null,
          null,
          null,
          1,
          null,
          1,
          0,
          null,
          null,
          null,
          null,
          1,
          79,
          0,
          79,
          0,
          null,
          null,
          null
        ]
      },
      "/Users/rafael/Desktop/Texas_A&M/606_SE/Project_Git_Hub/CSCE-606-Inventory-System/app/controllers/password_controller.rb": {
        "lines": [
          1,
          1,
          null,
          null,
          null,
          null,
          null,
          null,
          null,
          null,
          null,
          1,
          1,
          0,
          null,
          null,
          1,
          0,
          null,
          null,
          1,
          7,
          null,
          null,
          1,
          7,
          7,
          7,
          null,
          7,
          null,
          null,
          7,
          null,
          7,
          7,
          null,
          0,
          0,
          null,
          null,
          null,
          1,
          9,
          null,
          null,
          1,
          5,
          3,
          null,
          2,
          2,
          null,
          null,
          null,
          1,
          0,
          0,
          null,
          null,
          0,
          null,
          0,
          0,
          null,
          0,
          0,
          null,
          null,
          null,
          1,
          3,
          3,
          null,
          null,
          1,
          3,
          3,
          1,
          1,
          1,
          null,
          2,
          null,
          null,
          null,
          1,
          null,
          1,
          16,
          null,
          null,
          1,
          3,
          null,
          null,
          null
        ]
      },
      "/Users/rafael/Desktop/Texas_A&M/606_SE/Project_Git_Hub/CSCE-606-Inventory-System/app/mailers/user_mailer.rb": {
        "lines": [
          1,
          1,
          null,
          1,
          7,
          7,
          null,
          7,
          null,
          null,
          null,
          null,
          null,
          null
        ]
      },
      "/Users/rafael/Desktop/Texas_A&M/606_SE/Project_Git_Hub/CSCE-606-Inventory-System/app/mailers/application_mailer.rb": {
        "lines": [
          1,
          1,
          1,
          null
        ]
      },
      "/Users/rafael/Desktop/Texas_A&M/606_SE/Project_Git_Hub/CSCE-606-Inventory-System/app/controllers/locations_controller.rb": {
        "lines": [
          1,
          1,
          1,
          null,
          null,
          1,
          13,
          13,
          13,
          0,
          null,
          null,
          13,
          0,
          null,
          13,
          null,
          null,
          null,
          null,
          1,
          1,
          1,
          1,
          1,
          null,
          0,
          0,
          null,
          null,
          null,
          null,
          1,
          1,
          1,
          1,
          null,
          0,
          0,
          null,
          null,
          null,
          null,
          1,
          null,
          0,
          null,
          0,
          0,
          null,
          0,
          null,
          null,
          0,
          0,
          null,
          null,
          1,
          null,
          1,
          1,
          null,
          null,
          1,
          2,
          null,
          null
        ]
      },
      "/Users/rafael/Desktop/Texas_A&M/606_SE/Project_Git_Hub/CSCE-606-Inventory-System/app/jobs/application_job.rb": {
        "lines": [
          0,
          null,
          null,
          null,
          null,
          null,
          0
        ],
        "branches": {}
      }
    },
    "timestamp": 1743696295
  }
}
